Summary of SPARK analysis
=========================

-------------------------------------------------------------------------------------------------------
SPARK Analysis results        Total       Flow   Interval   CodePeer     Provers   Justified   Unproved
-------------------------------------------------------------------------------------------------------
Data Dependencies                 .          .          .          .           .           .          .
Flow Dependencies                 .          .          .          .           .           .          .
Initialization                    2          2          .          .           .           .          .
Non-Aliasing                      .          .          .          .           .           .          .
Run-time Checks                   3          .          .          .           .           .          3
Assertions                        .          .          .          .           .           .          .
Functional Contracts              1          .          .          .    1 (CVC4)           .          .
LSP Verification                  .          .          .          .           .           .          .
-------------------------------------------------------------------------------------------------------
Total                             6    2 (33%)          .          .     1 (17%)           .    3 (50%)


Analyzed 4 units
in unit elections, 0 subprograms and packages out of 5 analyzed
  Elections at elections.ads:1 skipped
  Elections.All_Voters_Voted at elections.ads:32 skipped
  Elections.Find_Winner at elections.ads:38 skipped
  Elections.Initialize at elections.ads:12 skipped
  Elections.Vote_For at elections.ads:21 skipped
in unit main, 0 subprograms and packages out of 1 analyzed
  Main at main.adb:5 skipped
in unit ticket_machine, 1 subprograms and packages out of 3 analyzed
  Ticket_Machine at ticket_machine.ads:1 skipped
  Ticket_Machine.Do_Action at ticket_machine.ads:20 flow analyzed (0 errors, 0 checks and 0 warnings) and not proved, 1 checks out of 4 proved
  Ticket_Machine.Initialize at ticket_machine.ads:17 skipped
in unit ticket_machine_wael, 0 subprograms and packages out of 2 analyzed
  ticket_machine_wael.Do_Action at ticket_machine_wael.ads:16 skipped
  ticket_machine_wael.Initialize at ticket_machine_wael.ads:15 skipped
