Summary of SPARK analysis
=========================

----------------------------------------------------------------------------------------------------
SPARK Analysis results        Total      Flow   Interval   CodePeer   Provers   Justified   Unproved
----------------------------------------------------------------------------------------------------
Data Dependencies                 .         .          .          .         .           .          .
Flow Dependencies                 .         .          .          .         .           .          .
Initialization                    .         .          .          .         .           .          .
Non-Aliasing                      .         .          .          .         .           .          .
Run-time Checks                   .         .          .          .         .           .          .
Assertions                        .         .          .          .         .           .          .
Functional Contracts              .         .          .          .         .           .          .
LSP Verification                  .         .          .          .         .           .          .
----------------------------------------------------------------------------------------------------
Total                             .         .          .          .         .           .          .


Analyzed 3 units
in unit coffee_machine, 4 subprograms and packages out of 4 analyzed
  Coffee_Machine at coffee_machine.ads:1 flow analyzed (0 errors, 0 checks and 0 warnings)
  Coffee_Machine.Initialize at coffee_machine.ads:15 flow analyzed (0 errors, 0 checks and 0 warnings)
  Coffee_Machine.State at coffee_machine.ads:11 flow analyzed (0 errors, 0 checks and 0 warnings)
  Coffee_Machine.X at coffee_machine.ads:16 flow analyzed (0 errors, 0 checks and 0 warnings)
in unit main, 1 subprograms and packages out of 1 analyzed
  Main at main.adb:1 flow analyzed (0 errors, 0 checks and 0 warnings)
in unit vector, 10 subprograms and packages out of 10 analyzed
  Vector at vector.ads:2 flow analyzed (0 errors, 0 checks and 0 warnings)
  Vector.Are_Orthogonal at vector.ads:25 flow analyzed (0 errors, 0 checks and 0 warnings)
  Vector.Cross_Product at vector.ads:27 flow analyzed (0 errors, 0 checks and 0 warnings)
  Vector.Distance at vector.ads:29 flow analyzed (0 errors, 0 checks and 0 warnings)
  Vector.Distance_To_Origin at vector.ads:31 flow analyzed (0 errors, 0 checks and 0 warnings)
  Vector.Oadd at vector.ads:12 flow analyzed (0 errors, 0 checks and 0 warnings)
  Vector.Oeq at vector.ads:22 flow analyzed (0 errors, 0 checks and 0 warnings)
  Vector.Omultiply at vector.ads:18 flow analyzed (0 errors, 0 checks and 0 warnings)
  Vector.Omultiply at vector.ads:20 flow analyzed (0 errors, 0 checks and 0 warnings)
  Vector.Osubtract at vector.ads:16 flow analyzed (0 errors, 0 checks and 0 warnings)
