vector.adb:8:24: medium: float overflow check might fail (e.g. when Left = (X => ?, Y => ?, Z => ?) and Right = (X => ?, Y => ?, Z => ?))[#21]
vector.adb:9:26: medium: float overflow check might fail (e.g. when Left = (X => ?, Y => ?, Z => ?) and Right = (X => ?, Y => ?, Z => ?))[#3]
vector.adb:10:24: medium: float overflow check might fail (e.g. when Left = (X => ?, Y => ?, Z => ?) and Right = (X => ?, Y => ?, Z => ?) and temp = (X => ?, Y => ?, Z => ?))[#10]
vector.adb:17:24: medium: float overflow check might fail (e.g. when Left = (X => ?, Y => ?, Z => ?) and Right = (X => ?, Y => ?, Z => ?))[#28]
vector.adb:18:26: medium: float overflow check might fail (e.g. when Left = (X => ?, Y => ?, Z => ?) and Right = (X => ?, Y => ?, Z => ?))[#15]
vector.adb:19:24: medium: float overflow check might fail (e.g. when Left = (X => ?, Y => ?, Z => ?) and Right = (X => ?, Y => ?, Z => ?))[#13]
vector.adb:26:25: medium: float overflow check might fail (e.g. when Left = (X => ?, Y => ?, Z => ?) and Right = (X => ?, Y => ?, Z => ?))[#5]
vector.adb:26:36: medium: float overflow check might fail[#7]
vector.adb:26:46: medium: float overflow check might fail (e.g. when Left = (X => ?, Y => ?, Z => ?) and Right = (X => ?, Y => ?, Z => ?))[#6]
vector.adb:27:25: medium: float overflow check might fail (e.g. when Left = (X => ?, Y => ?, Z => ?) and Right = (X => ?, Y => ?, Z => ?))[#11]
vector.adb:27:36: medium: float overflow check might fail[#9]
vector.adb:27:46: medium: float overflow check might fail (e.g. when Left = (X => ?, Y => ?, Z => ?) and Right = (X => ?, Y => ?, Z => ?))[#31]
vector.adb:28:25: medium: float overflow check might fail (e.g. when Left = (X => ?, Y => ?, Z => ?) and Right = (X => ?, Y => ?, Z => ?))[#1]
vector.adb:28:36: medium: float overflow check might fail[#2]
vector.adb:28:46: medium: float overflow check might fail (e.g. when Left = (X => ?, Y => ?, Z => ?) and Right = (X => ?, Y => ?, Z => ?))[#35]
vector.adb:34:20: medium: float overflow check might fail (e.g. when Left = (X => ?, Y => ?, Z => ?) and Right = (X => ?, Y => ?, Z => ?))[#18]
vector.adb:34:29: medium: float overflow check might fail[#30]
vector.adb:34:37: medium: float overflow check might fail (e.g. when Left = (X => ?, Y => ?, Z => ?) and Right = (X => ?, Y => ?, Z => ?))[#16]
vector.adb:34:46: medium: float overflow check might fail[#34]
vector.adb:34:54: medium: float overflow check might fail (e.g. when Left = (X => ?, Y => ?, Z => ?) and Right = (X => ?, Y => ?, Z => ?))[#27]
vector.adb:40:25: medium: float overflow check might fail (e.g. when Left = (X => ?, Y => ?, Z => ?))[#19]
vector.adb:41:24: medium: float overflow check might fail (e.g. when Left = (X => ?, Y => ?, Z => ?))[#23]
vector.adb:42:25: medium: float overflow check might fail (e.g. when Left = (X => ?, Y => ?, Z => ?))[#22]
vector.adb:60:27: medium: float overflow check might fail (e.g. when Left = (X => ?, Y => ?, Z => ?) and Right = (X => ?, Y => ?, Z => ?))[#24]
vector.adb:60:37: medium: float overflow check might fail[#26]
vector.adb:61:19: medium: float overflow check might fail[#36]
vector.adb:61:29: medium: float overflow check might fail (e.g. when Left = (X => ?, Y => ?, Z => ?) and Right = (X => ?, Y => ?, Z => ?))[#4]
vector.adb:61:39: medium: float overflow check might fail[#12]
vector.adb:62:19: medium: float overflow check might fail[#32]
vector.adb:62:29: medium: float overflow check might fail (e.g. when Left = (X => ?, Y => ?, Z => ?) and Right = (X => ?, Y => ?, Z => ?))[#20]
vector.adb:62:39: medium: float overflow check might fail[#8]
vector.adb:68:31: medium: float overflow check might fail (e.g. when Item = (X => ?, Y => ?, Z => ?))[#14]
vector.adb:68:35: medium: float overflow check might fail[#33]
vector.adb:68:43: medium: float overflow check might fail (e.g. when Item = (X => ?, Y => ?, Z => ?))[#29]
vector.adb:68:47: medium: float overflow check might fail[#17]
vector.adb:68:55: medium: float overflow check might fail (e.g. when Item = (X => ?, Y => ?, Z => ?))[#25]
vector.ads:13:25: medium: float overflow check might fail (e.g. when Left = (X => ?, Y => ?, Z => ?) and Right = (X => ?, Y => ?, Z => ?))[#0]
